<?xml version="1.0" encoding="UTF-8"?>
<testng-results ignored="0" total="1" passed="1" failed="0" skipped="0">
  <reporter-output>
  </reporter-output>
  <suite started-at="2022-10-25T15:37:34 EET" name="Default suite" finished-at="2022-10-25T15:37:49 EET" duration-ms="15664">
    <groups>
    </groups>
    <test started-at="2022-10-25T15:37:34 EET" name="Default test" finished-at="2022-10-25T15:37:49 EET" duration-ms="15664">
      <class name="TestCases.IP_TC_007">
        <test-method is-config="true" signature="setup()[pri:0, instance:TestCases.IP_TC_007@291ae]" started-at="2022-10-25T15:37:34 EET" name="setup" finished-at="2022-10-25T15:37:39 EET" duration-ms="5387" status="PASS">
          <reporter-output>
          </reporter-output>
        </test-method> <!-- setup -->
        <test-method signature="CMO_navigate_to_login_EM()[pri:0, instance:TestCases.IP_TC_007@291ae]" started-at="2022-10-25T15:37:39 EET" name="CMO_navigate_to_login_EM" finished-at="2022-10-25T15:37:49 EET" duration-ms="10183" status="PASS">
          <reporter-output>
          </reporter-output>
        </test-method> <!-- CMO_navigate_to_login_EM -->
        <test-method is-config="true" signature="close_browser()[pri:0, instance:TestCases.IP_TC_007@291ae]" started-at="2022-10-25T15:37:49 EET" name="close_browser" finished-at="2022-10-25T15:37:49 EET" duration-ms="2" status="PASS">
          <reporter-output>
          </reporter-output>
        </test-method> <!-- close_browser -->
      </class> <!-- TestCases.IP_TC_007 -->
    </test> <!-- Default test -->
  </suite> <!-- Default suite -->
</testng-results>
