<?xml version="1.0" encoding="UTF-8"?>
<!-- Generated by org.testng.reporters.JUnitXMLReporter -->
<testsuite ignored="0" hostname="DESKTOP-KEC4UPH" failures="0" tests="2" name="Default test" time="32.63" errors="0" timestamp="2022-11-10T17:18:51 EET">
  <testcase classname="testCases.OP_TC_38_Book_Appointment_ByNationalID" name="user_login_" time="0.202"/>
  <testcase classname="testCases.OP_TC_38_Book_Appointment_ByNationalID" name="UserBookAppointmentByNationalID" time="32.364"/>
</testsuite> <!-- Default test -->
