<?xml version="1.0" encoding="UTF-8"?>
<!-- Generated by org.testng.reporters.JUnitXMLReporter -->
<testsuite ignored="0" hostname="DESKTOP-KEC4UPH" failures="0" tests="2" name="Default test" time="30.196" errors="0" timestamp="2022-11-15T14:45:14 EET">
  <testcase classname="testCases.OP_TC_68_CMO_Generate_Visit_Bill" name="user_login_" time="0.397"/>
  <testcase classname="testCases.OP_TC_68_CMO_Generate_Visit_Bill" name="UserBookAppointmentByNationalID" time="29.7"/>
</testsuite> <!-- Default test -->
