<?xml version="1.0" encoding="UTF-8"?>
<!-- Generated by org.testng.reporters.JUnitXMLReporter -->
<testsuite ignored="0" hostname="DESKTOP-KEC4UPH" failures="0" tests="2" name="Default test" time="37.778" errors="0" timestamp="2022-11-20T14:55:24 EET">
  <testcase classname="testCases.OP_TC_93_CMO_Cancel_Unsettled_Visit_Bill2" name="user_login_" time="0.21"/>
  <testcase classname="testCases.OP_TC_93_CMO_Cancel_Unsettled_Visit_Bill2" name="CMO_Cancel_Settled_Bill" time="37.238"/>
</testsuite> <!-- Default test -->
