<?xml version="1.0" encoding="UTF-8"?>
<!-- Generated by org.testng.reporters.JUnitXMLReporter -->
<testsuite ignored="0" hostname="DESKTOP-KEC4UPH" failures="0" tests="2" name="Default test" time="23.599" errors="0" timestamp="2022-11-29T01:25:13 EET">
  <testcase classname="testCases.OP_TC_354_CMO_CheckOut_Patient" name="user_login_success" time="3.463"/>
  <testcase classname="testCases.OP_TC_354_CMO_CheckOut_Patient" name="CMO_book_Visit_Then_Checkout" time="20.027"/>
</testsuite> <!-- Default test -->
