<?xml version="1.0" encoding="UTF-8"?>
<!-- Generated by org.testng.reporters.JUnitXMLReporter -->
<testsuite ignored="0" hostname="DESKTOP-D7IA9G4" failures="1" tests="1" name="test" time="28.904" errors="0" timestamp="2022-10-20T15:58:27 EET">
  <testcase classname="TestCases.IP_TC_140" name="navigate_to_CMO_Admit_and_Register_Patient" time="4.119">
    <failure type="java.util.NoSuchElementException">
      <![CDATA[java.util.NoSuchElementException
at java.base/java.util.LinkedHashMap$LinkedHashIterator.nextNode(LinkedHashMap.java:760)
at java.base/java.util.LinkedHashMap$LinkedKeyIterator.next(LinkedHashMap.java:780)
at CMO_Pages.CMO_Select_Form.select_form(CMO_Select_Form.java:18)
at TestCases.IP_TC_140.navigate_to_CMO_Admit_and_Register_Patient(IP_TC_140.java:35)
at java.base/java.util.ArrayList.forEach(ArrayList.java:1511)
... Removed 27 stack frames]]>
    </failure>
  </testcase> <!-- navigate_to_CMO_Admit_and_Register_Patient -->
</testsuite> <!-- test -->
